0 info it worked if it ends with ok
1 verbose cli [ '/usr/local/Cellar/node/5.0.0/bin/node',
1 verbose cli   '/usr/local/bin/npm',
1 verbose cli   'publish' ]
2 info using npm@3.3.9
3 info using node@v5.0.0
4 verbose publish [ '.' ]
5 silly cache add args [ '.', null ]
6 verbose cache add spec .
7 silly cache add parsed spec Result {
7 silly cache add   raw: '.',
7 silly cache add   scope: null,
7 silly cache add   name: null,
7 silly cache add   rawSpec: '.',
7 silly cache add   spec: '/Users/inrhythm019/Documents/angular-addtocalendar',
7 silly cache add   type: 'directory' }
8 verbose addLocalDirectory /Users/inrhythm019/.npm/angular-addtocalendar/1.0.2/package.tgz not in flight; packing
9 info lifecycle angular-addtocalendar@1.0.2~prepublish: angular-addtocalendar@1.0.2
10 silly lifecycle angular-addtocalendar@1.0.2~prepublish: no script for prepublish, continuing
11 verbose tar pack [ '/Users/inrhythm019/.npm/angular-addtocalendar/1.0.2/package.tgz',
11 verbose tar pack   '/Users/inrhythm019/Documents/angular-addtocalendar' ]
12 verbose tarball /Users/inrhythm019/.npm/angular-addtocalendar/1.0.2/package.tgz
13 verbose folder /Users/inrhythm019/Documents/angular-addtocalendar
14 verbose addLocalTarball adding from inside cache /Users/inrhythm019/.npm/angular-addtocalendar/1.0.2/package.tgz
15 silly cache afterAdd angular-addtocalendar@1.0.2
16 verbose afterAdd /Users/inrhythm019/.npm/angular-addtocalendar/1.0.2/package/package.json not in flight; writing
17 verbose afterAdd /Users/inrhythm019/.npm/angular-addtocalendar/1.0.2/package/package.json written
18 silly publish { name: 'angular-addtocalendar',
18 silly publish   version: '1.0.2',
18 silly publish   description: 'AngularJS directive for adding events to calendar apps',
18 silly publish   main: 'addtocalendar.min.js',
18 silly publish   scripts:
18 silly publish    { test: './node_modules/karma/bin/karma start karma.conf.js --single-run',
18 silly publish      publish: 'uglifyjs addtocalendar.js --output addtocalendar.min.js' },
18 silly publish   repository:
18 silly publish    { type: 'git',
18 silly publish      url: 'git://github.com/jshor/angular-addtocalendar.git' },
18 silly publish   keywords:
18 silly publish    [ 'icalendar',
18 silly publish      'google calendar',
18 silly publish      'ics',
18 silly publish      'outlook',
18 silly publish      'calendar',
18 silly publish      'event' ],
18 silly publish   author: { name: 'Josh Shor', email: 'jpshor@gmail.com' },
18 silly publish   license: 'MIT',
18 silly publish   bugs: { url: 'https://github.com/jshor/angular-addtocalendar/issues' },
18 silly publish   homepage: 'https://github.com/jshor/angular-addtocalendar',
18 silly publish   devDependencies:
18 silly publish    { karma: '^0.12.9',
18 silly publish      'karma-chrome-launcher': '^0.1.12',
18 silly publish      'karma-firefox-launcher': '^0.1.7',
18 silly publish      'karma-jasmine': '^0.1.6',
18 silly publish      'karma-phantomjs-launcher': '^0.2.1',
18 silly publish      'uglify-js': '^2.6.1' },
18 silly publish   readme: '# angular-addtocalendar  [![Build Status](https://travis-ci.org/jshor/angular-addtocalendar.png?branch=master)](https://travis-ci.org/jshor/angular-addtocalendar)  [![devDependency Status](https://david-dm.org/dalelotts/angular-bootstrap-datetimepicker/dev-status.png)](https://david-dm.org/jshor/angular-addtocalendar#info=devDependencies)\n\nv1.0.2\n\nAn AngularJS directive for adding an event to calendar apps. It supports .ics files for iCalendar and Outlook and also supports Google Calendar, Yahoo! Calendar and Microsoft Calendar.\n\nEnjoy!\n\n## Installation\n\n    bower install angular-addtocalendar\n\nYou can also [download it directly](https://github.com/jshor/angular-addtocalendar/archive/v1.0.2.tar.gz).\n\n## Demo\n\nFor a demo, please [click here](http://jshor.github.io/angular-addtocalendar/demo/).\n\n## Example\n\n\t<addtocalendar\n\t\tstart-date="20150704T190000"\n\t\tend-date="20150704T210000"\n\t\ttitle="Fourth of July Fireworks"\n\t\tlocation="Battery Park City, New York, NY"\n\t\tclass-name="btn btn-sm btn-default dropdown-toggle"\n\t\tdescription="Celebrate the independence of the United States with fireworks in one of the greatest cities in the world."\n\t\tbtn-text="Add to calendar">\n\t</addtocalendar>\n\n## Attributes\n\n| **Attribute** \t| **Description**                                                                                              \t| **Format**                                                                   \t| **Example**                                                                                                \t| **Required** \t|\n|---------------\t|--------------------------------------------------------------------------------------------------------------\t|------------------------------------------------------------------------------\t|------------------------------------------------------------------------------------------------------------\t|--------------\t|\n| `title`       \t| Name of the event.                                                                                           \t| Plain text                                                                   \t| Fourth of July Fireworks                                                                                   \t| Yes          \t|\n| `description` \t| Description of the event.                                                                                    \t| Plain text. Default nil.                                                     \t| Celebrate the independence of the United States with fireworks in one of the greatest cities in the world. \t| No           \t|\n| `location`    \t| Location of the event.                                                                                       \t| Plain text                                                                   \t| Battery Park City, New York, NY                                                                            \t| Yes          \t|\n| `start-date`  \t| The timestamp of when the event begins.                                                                      \t| Date string in format `YYYYMMDDToHHMMSS`                                     \t| 20150704T190000                                                                                            \t| Yes          \t|\n| `end-date`    \t| The timestamp of when the event ends.                                                                        \t| Date string in format `YYYYMMDDToHHMMSS`                                     \t| 20150704T210000                                                                                            \t| Yes          \t|\n| `class-name`  \t| The bootstrap class for the dropdown button ([more info](http://getbootstrap.com/components/#btn-dropdowns)) \t| Bootstrap class/plain text. Default `btn btn-sm btn-default dropdown-toggle` \t| btn btn-sm btn-default dropdown-toggle                                                                     \t| No           \t|\n| `btn-text`  \t| Text for the button to display\t\t\t\t\t\t\t\t \t| Plain text. Default `Add to calendar`\t\t\t\t\t| Add to  calendar                                                                    \t\t| No           \t|\n\n## Bugs\n\nPlease report all bugs [here](https://github.com/jshor/angular-addtocalendar/issues).\n\n## Changelog\n\nAvailable [here](https://github.com/jshor/angular-addtocalendar/blob/master/CHANGELOG.md).\n',
18 silly publish   readmeFilename: 'README.md',
18 silly publish   gitHead: '98cb962ac58c167feb0af18322b0f1a7c783996a',
18 silly publish   _id: 'angular-addtocalendar@1.0.2',
18 silly publish   _shasum: '7a572106420e2bc5e30469d1285401c78d46d3ba',
18 silly publish   _from: '.' }
19 verbose getPublishConfig undefined
20 silly mapToRegistry name angular-addtocalendar
21 silly mapToRegistry using default registry
22 silly mapToRegistry registry https://registry.npmjs.org/
23 silly mapToRegistry uri https://registry.npmjs.org/angular-addtocalendar
24 verbose publish registryBase https://registry.npmjs.org/
25 silly publish uploading /Users/inrhythm019/.npm/angular-addtocalendar/1.0.2/package.tgz
26 verbose stack Error: auth required for publishing
26 verbose stack     at CachingRegistryClient.publish (/usr/local/lib/node_modules/npm/node_modules/npm-registry-client/lib/publish.js:30:14)
26 verbose stack     at /usr/local/lib/node_modules/npm/lib/publish.js:137:14
26 verbose stack     at mapToRegistry (/usr/local/lib/node_modules/npm/lib/utils/map-to-registry.js:55:3)
26 verbose stack     at publish_ (/usr/local/lib/node_modules/npm/lib/publish.js:106:3)
26 verbose stack     at Array.<anonymous> (/usr/local/lib/node_modules/npm/node_modules/slide/lib/bind-actor.js:15:8)
26 verbose stack     at LOOP (/usr/local/lib/node_modules/npm/node_modules/slide/lib/chain.js:15:14)
26 verbose stack     at LOOP (/usr/local/lib/node_modules/npm/node_modules/slide/lib/chain.js:14:28)
26 verbose stack     at chain (/usr/local/lib/node_modules/npm/node_modules/slide/lib/chain.js:20:5)
26 verbose stack     at /usr/local/lib/node_modules/npm/lib/publish.js:72:5
26 verbose stack     at RES (/usr/local/lib/node_modules/npm/node_modules/inflight/inflight.js:23:14)
27 verbose cwd /Users/inrhythm019/Documents/angular-addtocalendar
28 error Darwin 15.0.0
29 error argv "/usr/local/Cellar/node/5.0.0/bin/node" "/usr/local/bin/npm" "publish"
30 error node v5.0.0
31 error npm  v3.3.9
32 error code ENEEDAUTH
33 error need auth auth required for publishing
33 error need auth You need to authorize this machine using `npm adduser`
34 verbose exit [ 1, true ]
